{"numTotalTestSuites":10,"numPassedTestSuites":6,"numFailedTestSuites":4,"numPendingTestSuites":0,"numTotalTests":25,"numPassedTests":16,"numFailedTests":7,"numPendingTests":1,"numTodoTests":1,"snapshot":{"added":0,"failure":false,"filesAdded":0,"filesRemoved":0,"filesRemovedList":[],"filesUnmatched":0,"filesUpdated":0,"matched":0,"total":0,"unchecked":0,"uncheckedKeysByFile":[],"unmatched":0,"updated":0,"didUpdate":false},"startTime":1764893522107,"success":false,"testResults":[{"assertionResults":[{"ancestorTitles":[],"fullName":"2 + 3 = 5","status":"passed","title":"2 + 3 = 5","duration":0.6172920000000062,"failureMessages":[],"meta":{}},{"ancestorTitles":[],"fullName":"4 * 2 = 8","status":"passed","title":"4 * 2 = 8","duration":0.0720410000000129,"failureMessages":[],"meta":{}}],"startTime":1764893522240,"endTime":1764893522240.6172,"status":"passed","message":"","name":"/Users/tom/Code/tomsiwik/toon-reporter/test/fixtures/all-passing.test.ts"},{"assertionResults":[{"ancestorTitles":[],"fullName":"1 + 1 = 2","status":"passed","title":"1 + 1 = 2","duration":0.6006670000000014,"failureMessages":[],"meta":{}},{"ancestorTitles":[],"fullName":"3 + 3 = 7","status":"failed","title":"3 + 3 = 7","duration":3.2051250000000095,"failureMessages":["AssertionError: expected 6 to be 7 // Object.is equality\n    at /Users/tom/Code/tomsiwik/toon-reporter/test/fixtures/some-failing.test.ts:8:17\n    at file:///Users/tom/Code/tomsiwik/toon-reporter/node_modules/.pnpm/@vitest+runner@4.0.15/node_modules/@vitest/runner/dist/index.js:145:11\n    at file:///Users/tom/Code/tomsiwik/toon-reporter/node_modules/.pnpm/@vitest+runner@4.0.15/node_modules/@vitest/runner/dist/index.js:915:26\n    at file:///Users/tom/Code/tomsiwik/toon-reporter/node_modules/.pnpm/@vitest+runner@4.0.15/node_modules/@vitest/runner/dist/index.js:1240:20\n    at new Promise (<anonymous>)\n    at runWithTimeout (file:///Users/tom/Code/tomsiwik/toon-reporter/node_modules/.pnpm/@vitest+runner@4.0.15/node_modules/@vitest/runner/dist/index.js:1206:10)\n    at file:///Users/tom/Code/tomsiwik/toon-reporter/node_modules/.pnpm/@vitest+runner@4.0.15/node_modules/@vitest/runner/dist/index.js:1650:37\n    at Traces.$ (file:///Users/tom/Code/tomsiwik/toon-reporter/node_modules/.pnpm/vitest@4.0.15_@types+node@24.10.1/node_modules/vitest/dist/chunks/traces.U4xDYhzZ.js:115:27)\n    at trace (file:///Users/tom/Code/tomsiwik/toon-reporter/node_modules/.pnpm/vitest@4.0.15_@types+node@24.10.1/node_modules/vitest/dist/chunks/test.BT8LKgU9.js:239:21)\n    at runTest (file:///Users/tom/Code/tomsiwik/toon-reporter/node_modules/.pnpm/@vitest+runner@4.0.15/node_modules/@vitest/runner/dist/index.js:1650:12)"],"meta":{}}],"startTime":1764893522240,"endTime":1764893522244.205,"status":"failed","message":"","name":"/Users/tom/Code/tomsiwik/toon-reporter/test/fixtures/some-failing.test.ts"},{"assertionResults":[{"ancestorTitles":[],"fullName":"add(1, 1) = 2","status":"passed","title":"add(1, 1) = 2","duration":0.6047500000000099,"failureMessages":[],"meta":{}},{"ancestorTitles":[],"fullName":"add(2, 2) = 4","status":"passed","title":"add(2, 2) = 4","duration":0.05895800000000406,"failureMessages":[],"meta":{}},{"ancestorTitles":[],"fullName":"add(3, 3) = 6","status":"passed","title":"add(3, 3) = 6","duration":0.045249999999995794,"failureMessages":[],"meta":{}},{"ancestorTitles":[],"fullName":"divide(2, 1) = 1","status":"failed","title":"divide(2, 1) = 1","duration":3.1320419999999984,"failureMessages":["AssertionError: expected 2 to be 1 // Object.is equality\n    at /Users/tom/Code/tomsiwik/toon-reporter/test/fixtures/with-each.test.ts:16:17\n    at file:///Users/tom/Code/tomsiwik/toon-reporter/node_modules/.pnpm/@vitest+runner@4.0.15/node_modules/@vitest/runner/dist/index.js:1021:60\n    at file:///Users/tom/Code/tomsiwik/toon-reporter/node_modules/.pnpm/@vitest+runner@4.0.15/node_modules/@vitest/runner/dist/index.js:145:11\n    at file:///Users/tom/Code/tomsiwik/toon-reporter/node_modules/.pnpm/@vitest+runner@4.0.15/node_modules/@vitest/runner/dist/index.js:915:26\n    at file:///Users/tom/Code/tomsiwik/toon-reporter/node_modules/.pnpm/@vitest+runner@4.0.15/node_modules/@vitest/runner/dist/index.js:1240:20\n    at new Promise (<anonymous>)\n    at runWithTimeout (file:///Users/tom/Code/tomsiwik/toon-reporter/node_modules/.pnpm/@vitest+runner@4.0.15/node_modules/@vitest/runner/dist/index.js:1206:10)\n    at file:///Users/tom/Code/tomsiwik/toon-reporter/node_modules/.pnpm/@vitest+runner@4.0.15/node_modules/@vitest/runner/dist/index.js:1650:37\n    at Traces.$ (file:///Users/tom/Code/tomsiwik/toon-reporter/node_modules/.pnpm/vitest@4.0.15_@types+node@24.10.1/node_modules/vitest/dist/chunks/traces.U4xDYhzZ.js:115:27)\n    at trace (file:///Users/tom/Code/tomsiwik/toon-reporter/node_modules/.pnpm/vitest@4.0.15_@types+node@24.10.1/node_modules/vitest/dist/chunks/test.BT8LKgU9.js:239:21)"],"meta":{}},{"ancestorTitles":[],"fullName":"divide(4, 2) = 2","status":"passed","title":"divide(4, 2) = 2","duration":0.09000000000000341,"failureMessages":[],"meta":{}},{"ancestorTitles":[],"fullName":"divide(6, 3) = 4","status":"failed","title":"divide(6, 3) = 4","duration":0.32466700000000515,"failureMessages":["AssertionError: expected 2 to be 4 // Object.is equality\n    at /Users/tom/Code/tomsiwik/toon-reporter/test/fixtures/with-each.test.ts:16:17\n    at file:///Users/tom/Code/tomsiwik/toon-reporter/node_modules/.pnpm/@vitest+runner@4.0.15/node_modules/@vitest/runner/dist/index.js:1021:60\n    at file:///Users/tom/Code/tomsiwik/toon-reporter/node_modules/.pnpm/@vitest+runner@4.0.15/node_modules/@vitest/runner/dist/index.js:145:11\n    at file:///Users/tom/Code/tomsiwik/toon-reporter/node_modules/.pnpm/@vitest+runner@4.0.15/node_modules/@vitest/runner/dist/index.js:915:26\n    at file:///Users/tom/Code/tomsiwik/toon-reporter/node_modules/.pnpm/@vitest+runner@4.0.15/node_modules/@vitest/runner/dist/index.js:1240:20\n    at new Promise (<anonymous>)\n    at runWithTimeout (file:///Users/tom/Code/tomsiwik/toon-reporter/node_modules/.pnpm/@vitest+runner@4.0.15/node_modules/@vitest/runner/dist/index.js:1206:10)\n    at file:///Users/tom/Code/tomsiwik/toon-reporter/node_modules/.pnpm/@vitest+runner@4.0.15/node_modules/@vitest/runner/dist/index.js:1650:37\n    at Traces.$ (file:///Users/tom/Code/tomsiwik/toon-reporter/node_modules/.pnpm/vitest@4.0.15_@types+node@24.10.1/node_modules/vitest/dist/chunks/traces.U4xDYhzZ.js:115:27)\n    at trace (file:///Users/tom/Code/tomsiwik/toon-reporter/node_modules/.pnpm/vitest@4.0.15_@types+node@24.10.1/node_modules/vitest/dist/chunks/test.BT8LKgU9.js:239:21)"],"meta":{}},{"ancestorTitles":[],"fullName":"'Alice' is 30 years old","status":"passed","title":"'Alice' is 30 years old","duration":0.11245800000000372,"failureMessages":[],"meta":{}},{"ancestorTitles":[],"fullName":"'Bob' is 25 years old","status":"passed","title":"'Bob' is 25 years old","duration":0.0634589999999946,"failureMessages":[],"meta":{}}],"startTime":1764893522241,"endTime":1764893522245.3247,"status":"failed","message":"","name":"/Users/tom/Code/tomsiwik/toon-reporter/test/fixtures/with-each.test.ts"},{"assertionResults":[{"ancestorTitles":[],"fullName":"normal test passes","status":"passed","title":"normal test passes","duration":0.6067089999999951,"failureMessages":[],"meta":{}},{"ancestorTitles":[],"fullName":"throws TypeError","status":"failed","title":"throws TypeError","duration":1.4167500000000075,"failureMessages":["TypeError: Cannot read properties of null (reading 'foo')\n    at /Users/tom/Code/tomsiwik/toon-reporter/test/fixtures/with-exception.test.ts:9:7\n    at file:///Users/tom/Code/tomsiwik/toon-reporter/node_modules/.pnpm/@vitest+runner@4.0.15/node_modules/@vitest/runner/dist/index.js:145:11\n    at file:///Users/tom/Code/tomsiwik/toon-reporter/node_modules/.pnpm/@vitest+runner@4.0.15/node_modules/@vitest/runner/dist/index.js:915:26\n    at file:///Users/tom/Code/tomsiwik/toon-reporter/node_modules/.pnpm/@vitest+runner@4.0.15/node_modules/@vitest/runner/dist/index.js:1240:20\n    at new Promise (<anonymous>)\n    at runWithTimeout (file:///Users/tom/Code/tomsiwik/toon-reporter/node_modules/.pnpm/@vitest+runner@4.0.15/node_modules/@vitest/runner/dist/index.js:1206:10)\n    at file:///Users/tom/Code/tomsiwik/toon-reporter/node_modules/.pnpm/@vitest+runner@4.0.15/node_modules/@vitest/runner/dist/index.js:1650:37\n    at Traces.$ (file:///Users/tom/Code/tomsiwik/toon-reporter/node_modules/.pnpm/vitest@4.0.15_@types+node@24.10.1/node_modules/vitest/dist/chunks/traces.U4xDYhzZ.js:115:27)\n    at trace (file:///Users/tom/Code/tomsiwik/toon-reporter/node_modules/.pnpm/vitest@4.0.15_@types+node@24.10.1/node_modules/vitest/dist/chunks/test.BT8LKgU9.js:239:21)\n    at runTest (file:///Users/tom/Code/tomsiwik/toon-reporter/node_modules/.pnpm/@vitest+runner@4.0.15/node_modules/@vitest/runner/dist/index.js:1650:12)"],"meta":{}},{"ancestorTitles":[],"fullName":"throws custom error","status":"failed","title":"throws custom error","duration":0.236582999999996,"failureMessages":["Error: Something went wrong!\n    at /Users/tom/Code/tomsiwik/toon-reporter/test/fixtures/with-exception.test.ts:13:9\n    at file:///Users/tom/Code/tomsiwik/toon-reporter/node_modules/.pnpm/@vitest+runner@4.0.15/node_modules/@vitest/runner/dist/index.js:145:11\n    at file:///Users/tom/Code/tomsiwik/toon-reporter/node_modules/.pnpm/@vitest+runner@4.0.15/node_modules/@vitest/runner/dist/index.js:915:26\n    at file:///Users/tom/Code/tomsiwik/toon-reporter/node_modules/.pnpm/@vitest+runner@4.0.15/node_modules/@vitest/runner/dist/index.js:1240:20\n    at new Promise (<anonymous>)\n    at runWithTimeout (file:///Users/tom/Code/tomsiwik/toon-reporter/node_modules/.pnpm/@vitest+runner@4.0.15/node_modules/@vitest/runner/dist/index.js:1206:10)\n    at file:///Users/tom/Code/tomsiwik/toon-reporter/node_modules/.pnpm/@vitest+runner@4.0.15/node_modules/@vitest/runner/dist/index.js:1650:37\n    at Traces.$ (file:///Users/tom/Code/tomsiwik/toon-reporter/node_modules/.pnpm/vitest@4.0.15_@types+node@24.10.1/node_modules/vitest/dist/chunks/traces.U4xDYhzZ.js:115:27)\n    at trace (file:///Users/tom/Code/tomsiwik/toon-reporter/node_modules/.pnpm/vitest@4.0.15_@types+node@24.10.1/node_modules/vitest/dist/chunks/test.BT8LKgU9.js:239:21)\n    at runTest (file:///Users/tom/Code/tomsiwik/toon-reporter/node_modules/.pnpm/@vitest+runner@4.0.15/node_modules/@vitest/runner/dist/index.js:1650:12)"],"meta":{}},{"ancestorTitles":[],"fullName":"throws ReferenceError","status":"failed","title":"throws ReferenceError","duration":0.20754200000000367,"failureMessages":["ReferenceError: nonExistent is not defined\n    at /Users/tom/Code/tomsiwik/toon-reporter/test/fixtures/with-exception.test.ts:18:3\n    at file:///Users/tom/Code/tomsiwik/toon-reporter/node_modules/.pnpm/@vitest+runner@4.0.15/node_modules/@vitest/runner/dist/index.js:145:11\n    at file:///Users/tom/Code/tomsiwik/toon-reporter/node_modules/.pnpm/@vitest+runner@4.0.15/node_modules/@vitest/runner/dist/index.js:915:26\n    at file:///Users/tom/Code/tomsiwik/toon-reporter/node_modules/.pnpm/@vitest+runner@4.0.15/node_modules/@vitest/runner/dist/index.js:1240:20\n    at new Promise (<anonymous>)\n    at runWithTimeout (file:///Users/tom/Code/tomsiwik/toon-reporter/node_modules/.pnpm/@vitest+runner@4.0.15/node_modules/@vitest/runner/dist/index.js:1206:10)\n    at file:///Users/tom/Code/tomsiwik/toon-reporter/node_modules/.pnpm/@vitest+runner@4.0.15/node_modules/@vitest/runner/dist/index.js:1650:37\n    at Traces.$ (file:///Users/tom/Code/tomsiwik/toon-reporter/node_modules/.pnpm/vitest@4.0.15_@types+node@24.10.1/node_modules/vitest/dist/chunks/traces.U4xDYhzZ.js:115:27)\n    at trace (file:///Users/tom/Code/tomsiwik/toon-reporter/node_modules/.pnpm/vitest@4.0.15_@types+node@24.10.1/node_modules/vitest/dist/chunks/test.BT8LKgU9.js:239:21)\n    at runTest (file:///Users/tom/Code/tomsiwik/toon-reporter/node_modules/.pnpm/@vitest+runner@4.0.15/node_modules/@vitest/runner/dist/index.js:1650:12)"],"meta":{}}],"startTime":1764893522241,"endTime":1764893522243.2366,"status":"failed","message":"","name":"/Users/tom/Code/tomsiwik/toon-reporter/test/fixtures/with-exception.test.ts"},{"assertionResults":[{"ancestorTitles":[],"fullName":"2 + 3 = 5","status":"passed","title":"2 + 3 = 5","duration":0.6405409999999989,"failureMessages":[],"meta":{}},{"ancestorTitles":[],"fullName":"3 + 3 = 6","status":"skipped","title":"3 + 3 = 6","failureMessages":[],"meta":{}},{"ancestorTitles":[],"fullName":"implement this later","status":"todo","title":"implement this later","failureMessages":[],"meta":{}}],"startTime":1764893522240,"endTime":1764893522240.6406,"status":"passed","message":"","name":"/Users/tom/Code/tomsiwik/toon-reporter/test/fixtures/with-skipped.test.ts"},{"assertionResults":[{"ancestorTitles":["Math operations"],"fullName":"Math operations addition works","status":"passed","title":"addition works","duration":0.6027500000000003,"failureMessages":[],"meta":{}},{"ancestorTitles":["Math operations"],"fullName":"Math operations subtraction works","status":"passed","title":"subtraction works","duration":0.07600000000000762,"failureMessages":[],"meta":{}},{"ancestorTitles":["Math operations","Nested suite"],"fullName":"Math operations Nested suite multiplication works","status":"passed","title":"multiplication works","duration":0.061166000000000054,"failureMessages":[],"meta":{}},{"ancestorTitles":["String operations"],"fullName":"String operations concatenation works","status":"passed","title":"concatenation works","duration":0.06725000000000136,"failureMessages":[],"meta":{}}],"startTime":1764893522240,"endTime":1764893522241.076,"status":"passed","message":"","name":"/Users/tom/Code/tomsiwik/toon-reporter/test/fixtures/with-suites.test.ts"},{"assertionResults":[{"ancestorTitles":[],"fullName":"fast test passes","status":"passed","title":"fast test passes","duration":0.593625000000003,"failureMessages":[],"meta":{}},{"ancestorTitles":[],"fullName":"slow test times out","status":"failed","title":"slow test times out","duration":104.08829199999998,"failureMessages":["Error: STACK_TRACE_ERROR\n    at task (file:///Users/tom/Code/tomsiwik/toon-reporter/node_modules/.pnpm/@vitest+runner@4.0.15/node_modules/@vitest/runner/dist/index.js:796:27)\n    at Object.<anonymous> (file:///Users/tom/Code/tomsiwik/toon-reporter/node_modules/.pnpm/@vitest+runner@4.0.15/node_modules/@vitest/runner/dist/index.js:823:16)\n    at Object.<anonymous> (file:///Users/tom/Code/tomsiwik/toon-reporter/node_modules/.pnpm/@vitest+runner@4.0.15/node_modules/@vitest/runner/dist/index.js:615:28)\n    at chain (file:///Users/tom/Code/tomsiwik/toon-reporter/node_modules/.pnpm/@vitest+runner@4.0.15/node_modules/@vitest/runner/dist/chunk-tasks.js:9:14)\n    at /Users/tom/Code/tomsiwik/toon-reporter/test/fixtures/with-timeout.test.ts:7:1\n    at processTicksAndRejections (node:internal/process/task_queues:103:5)\n    at VitestModuleEvaluator._runInlinedModule (file:///Users/tom/Code/tomsiwik/toon-reporter/node_modules/.pnpm/vitest@4.0.15_@types+node@24.10.1/node_modules/vitest/dist/module-evaluator.js:205:4)\n    at VitestModuleRunner.directRequest (file:///Users/tom/Code/tomsiwik/toon-reporter/node_modules/.pnpm/vite@7.2.6_@types+node@24.10.1/node_modules/vite/dist/node/module-runner.js:1146:59)\n    at VitestModuleRunner.cachedRequest (file:///Users/tom/Code/tomsiwik/toon-reporter/node_modules/.pnpm/vite@7.2.6_@types+node@24.10.1/node_modules/vite/dist/node/module-runner.js:1053:73)\n    at VitestModuleRunner.import (file:///Users/tom/Code/tomsiwik/toon-reporter/node_modules/.pnpm/vite@7.2.6_@types+node@24.10.1/node_modules/vite/dist/node/module-runner.js:1014:10)\n    at file:///Users/tom/Code/tomsiwik/toon-reporter/node_modules/.pnpm/@vitest+runner@4.0.15/node_modules/@vitest/runner/dist/index.js:1382:5\n    at collectTests (file:///Users/tom/Code/tomsiwik/toon-reporter/node_modules/.pnpm/@vitest+runner@4.0.15/node_modules/@vitest/runner/dist/index.js:1362:3)\n    at startTests (file:///Users/tom/Code/tomsiwik/toon-reporter/node_modules/.pnpm/@vitest+runner@4.0.15/node_modules/@vitest/runner/dist/index.js:1934:17)\n    at file:///Users/tom/Code/tomsiwik/toon-reporter/node_modules/.pnpm/vitest@4.0.15_@types+node@24.10.1/node_modules/vitest/dist/chunks/base.CTp-EStD.js:86:26\n    at run (file:///Users/tom/Code/tomsiwik/toon-reporter/node_modules/.pnpm/vitest@4.0.15_@types+node@24.10.1/node_modules/vitest/dist/chunks/base.CTp-EStD.js:79:2)"],"meta":{}}],"startTime":1764893522240,"endTime":1764893522345.0884,"status":"failed","message":"","name":"/Users/tom/Code/tomsiwik/toon-reporter/test/fixtures/with-timeout.test.ts"}]}
